<?xml version="1.0" encoding="UTF-8"?>
<testsuite xmlns:xsi="http://www.w3.org/2001/XMLSchema-instance" xsi:noNamespaceSchemaLocation="https://maven.apache.org/surefire/maven-surefire-plugin/xsd/surefire-test-report-3.0.xsd" version="3.0" name="udea.login.LoginTest" time="3.059" tests="2" errors="0" skipped="0" failures="0">
  <properties>
[...]
</properties>
  <testcase name="[1:5] Logear un usuario con credenciales correctas" classname="udea/login/login" time="1.412">
    <system-out><![CDATA[01:51:07.920 [main] DEBUG com.intuit.karate.Suite - [config] classpath:karate-config.js
01:51:08.689 [main] INFO  com.intuit.karate - karate.env system property was: null 
01:51:08.977 [main] DEBUG com.intuit.karate - request:
1 > POST https://codefact.udea.edu.co/modulo-01/public/api/auth/login
1 > Content-Type: application/json; charset=UTF-8
1 > Content-Length: 69
1 > Host: codefact.udea.edu.co
1 > Connection: Keep-Alive
1 > User-Agent: Apache-HttpClient/4.5.14 (Java/21.0.3)
1 > Accept-Encoding: gzip,deflate
{"username":"john.doe@example.com","password":"Aj_H|u4{p85v\/!{3+kp"}

01:51:09.343 [main] DEBUG com.intuit.karate - response time in milliseconds: 364
1 < 200
1 < Server: nginx/1.14.1
1 < Date: Sun, 26 May 2024 06:51:08 GMT
1 < Content-Type: application/json
1 < Transfer-Encoding: chunked
1 < Connection: keep-alive
1 < Vary: Origin
1 < Vary: Access-Control-Request-Method
1 < Vary: Access-Control-Request-Headers
1 < X-Content-Type-Options: nosniff
1 < X-XSS-Protection: 1; mode=block
1 < Cache-Control: no-cache, no-store, max-age=0, must-revalidate
1 < Pragma: no-cache
1 < Expires: 0
1 < Strict-Transport-Security: max-age=31536000 ; includeSubDomains
1 < X-Frame-Options: DENY
1 < Content-Security-Policy: default-src 'self';base-uri 'self';font-src 'self' https: data:;form-action 'self';frame-ancestors 'self';img-src 'self' data:;object-src 'none';script-src 'self';script-src-attr 'none';style-src 'self' https: 'unsafe-inline';upgrade-insecure-requests
{"token":"eyJhbGciOiJIUzI1NiJ9.eyJzdWIiOiJqb2huLmRvZUBleGFtcGxlLmNvbSIsImlzcyI6IlNpdGFzIiwiaWF0IjoxNzE2NzA2MjY4LCJleHAiOjE3MTY3MDcxNjh9.C2a_QaS3JfjfyeQLjI4167TlOx28jBOTU3w7pVJE-wM"}

]]></system-out>
  </testcase>
  <testcase name="[2:17] Logear un usuario con credenciales incorrectas" classname="udea/login/login" time="0.928">
    <system-out><![CDATA[01:51:09.364 [main] INFO  com.intuit.karate - karate.env system property was: null 
01:51:09.368 [main] DEBUG com.intuit.karate - request:
1 > POST https://codefact.udea.edu.co/modulo-01/public/api/auth/login
1 > Content-Type: application/json; charset=UTF-8
1 > Content-Length: 57
1 > Host: codefact.udea.edu.co
1 > Connection: Keep-Alive
1 > User-Agent: Apache-HttpClient/4.5.14 (Java/21.0.3)
1 > Accept-Encoding: gzip,deflate
{"username":"john.doe@example.com","password":"password"}

01:51:09.561 [main] DEBUG com.intuit.karate - response time in milliseconds: 192
1 < 401
1 < Server: nginx/1.14.1
1 < Date: Sun, 26 May 2024 06:51:08 GMT
1 < Content-Type: text/plain;charset=UTF-8
1 < Content-Length: 29
1 < Connection: keep-alive
1 < Vary: Origin
1 < Vary: Access-Control-Request-Method
1 < Vary: Access-Control-Request-Headers
1 < X-Content-Type-Options: nosniff
1 < X-XSS-Protection: 1; mode=block
1 < Cache-Control: no-cache, no-store, max-age=0, must-revalidate
1 < Pragma: no-cache
1 < Expires: 0
1 < Strict-Transport-Security: max-age=31536000 ; includeSubDomains
1 < X-Frame-Options: DENY
1 < Content-Security-Policy: default-src 'self';base-uri 'self';font-src 'self' https: data:;form-action 'self';frame-ancestors 'self';img-src 'self' data:;object-src 'none';script-src 'self';script-src-attr 'none';style-src 'self' https: 'unsafe-inline';upgrade-insecure-requests
Login failed: Bad credentials

---------------------------------------------------------
feature: classpath:udea/login/login.feature
scenarios:  2 | passed:  2 | failed:  0 | time: 0,8447
---------------------------------------------------------

Karate version: 1.4.1
======================================================
elapsed:   2,26 | threads:    1 | thread time: 0,85 
features:     1 | skipped:    0 | efficiency: 0,37
scenarios:    2 | passed:     2 | failed: 0
======================================================

HTML report: (paste into browser to view) | Karate version: 1.4.1
file:///C:/Users/USUARIO/Documents/Repos/karate-auth/target/karate-reports/karate-summary.html
===================================================================

]]></system-out>
  </testcase>
</testsuite>